<?xml version="1.0" encoding="UTF-8"?>
<testng-results total="2" passed="2" failed="0" skipped="0">
  <reporter-output>
  </reporter-output>
  <suite started-at="2022-11-12T00:19:45Z" name="Suite" finished-at="2022-11-12T00:19:45Z" duration-ms="30">
    <groups>
    </groups>
    <test started-at="2022-11-12T00:19:45Z" name="Test" finished-at="2022-11-12T00:19:45Z" duration-ms="30">
      <class name="myprojectpkg.MyClass1">
        <test-method signature="method1()[pri:0, instance:myprojectpkg.MyClass1@78186a70]" started-at="2022-11-12T05:49:45Z" name="method1" finished-at="2022-11-12T05:49:45Z" duration-ms="10" status="PASS">
          <reporter-output>
          </reporter-output>
        </test-method> <!-- method1 -->
      </class> <!-- myprojectpkg.MyClass1 -->
      <class name="myprojectpkg.MyClass2">
        <test-method signature="method2()[pri:0, instance:myprojectpkg.MyClass2@77846d2c]" started-at="2022-11-12T05:49:45Z" name="method2" finished-at="2022-11-12T05:49:45Z" duration-ms="0" status="PASS">
          <reporter-output>
          </reporter-output>
        </test-method> <!-- method2 -->
      </class> <!-- myprojectpkg.MyClass2 -->
    </test> <!-- Test -->
  </suite> <!-- Suite -->
</testng-results>
